<?xml version="1.0" encoding="UTF-8"?>
<testsuite xmlns:xsi="http://www.w3.org/2001/XMLSchema-instance" xsi:noNamespaceSchemaLocation="https://maven.apache.org/surefire/maven-surefire-plugin/xsd/surefire-test-report-3.0.xsd" version="3.0" name="com.polytech.bowling.AppTest" time="0.111" tests="3" errors="0" skipped="0" failures="0">
  <properties>
[...]
</properties>
  <testcase name="testCalculatePoints" classname="com.polytech.bowling.AppTest" time="0.058"/>
  <testcase name="testAddPlayer" classname="com.polytech.bowling.AppTest" time="0.01"/>
  <testcase name="testNbQuilles" classname="com.polytech.bowling.AppTest" time="0.002"/>
</testsuite>